<?xml version="1.0" encoding="UTF-8"?>
<!-- Generated by org.testng.reporters.JUnitReportReporter -->
<testsuite hostname="HP-PC" failures="0" tests="4" name="cucumberOptions.TestNGRunner" time="0.629" errors="0" timestamp="2024-08-09T11:26:05 IST" skipped="0">
  <testcase classname="cucumberOptions.TestNGRunner" name="runScenario" time="0.045"/>
  <testcase classname="cucumberOptions.TestNGRunner" name="runScenario" time="0.232"/>
  <testcase classname="cucumberOptions.TestNGRunner" name="runScenario" time="0.052"/>
  <testcase classname="cucumberOptions.TestNGRunner" name="runScenario" time="0.300"/>
</testsuite> <!-- cucumberOptions.TestNGRunner -->
